23:10:10 **** Incremental Build of configuration Debug for project Versuch2 ****
make all 
Building file: ../myCode/main.c
In file included from /home/mit/MIT-workspace/libMIT/include/mit_parallel_io.h:13:0,
Invoking: AVR Compiler
avr-gcc -I/home/mit/MIT-workspace/libMIT/include -Wall -g3 -gstabs+ -O0 -fpack-struct -fshort-enums -ffunction-sections -fdata-sections -std=gnu99 -funsigned-char -funsigned-bitfields -mmcu=atmega128 -DF_CPU=4000000UL -MMD -MP -MF"myCode/main.d" -MT"myCode/main.d" -c -o "myCode/main.o" "../myCode/main.c"
                 from /home/mit/MIT-workspace/libMIT/include/libMIT.h:13,
                 from ../myCode/main.c:14:
/usr/avr/include/util/delay.h:95:3: warning: #warning "Compiler optimizations disabled; functions from <util/delay.h> won't work as designed" [-Wcpp]
 # warning "Compiler optimizations disabled; functions from <util/delay.h> won't work as designed"
   ^
In file included from /home/mit/MIT-workspace/libMIT/include/libMIT.h:14:0,
                 from ../myCode/main.c:14:
/home/mit/MIT-workspace/libMIT/include/mit_adc.h:44:2: warning: #warning "UREFV not set by application; set to default value 5V" [-Wcpp]
 #warning "UREFV not set by application; set to default value 5V"
  ^
Finished building: ../myCode/main.c
 
Building target: Versuch2.elf
Invoking: AVR C Linker
avr-gcc -Wl,-Map,Versuch2.map -L/home/mit/MIT-workspace/Versuch2/libMIT -L/home/mit/MIT-workspace/libMIT -mmcu=atmega128 -o "Versuch2.elf"  ./myCode/adc.o ./myCode/main-vorbereitung.o ./myCode/main.o   -lMIT
Finished building target: Versuch2.elf
 
Invoking: AVR Create Extended Listing
avr-objdump -h -S Versuch2.elf  >"Versuch2.lss"
Finished building: Versuch2.lss
 
Create Flash image (ihex format)
avr-objcopy -R .eeprom -R .fuse -R .lock -R .signature -O ihex Versuch2.elf  "Versuch2.hex"
Finished building: Versuch2.hex
 
Create eeprom image (ihex format)
avr-objcopy -j .eeprom --no-change-warnings --change-section-lma .eeprom=0 -O ihex Versuch2.elf  "Versuch2.eep"
Finished building: Versuch2.eep
 
Invoking: Print Size
avr-size --format=avr --mcu=atmega128 Versuch2.elf
AVR Memory Usage
----------------
Device: atmega128

Program:    4666 bytes (3.6% Full)
(.text + .data + .bootloader)

Data:         52 bytes (1.3% Full)
(.data + .bss + .noinit)


Finished building: sizedummy
 

23:10:10 Build Finished (took 338ms)

